<?xml version="1.0" encoding="UTF-8"?>
<!-- Generated by org.testng.reporters.JUnitReportReporter -->
<testsuite name="com.acc_selenium_prac1.Hdfc_netbanking" tests="1" time="2.505" ignored="0" failures="0" timestamp="12 Dec 2019 07:12:49 GMT" skipped="0" hostname="DDC2-D-CG1WXC2" errors="0">
  <testcase name="customer_id" time="2.505" classname="com.acc_selenium_prac1.Hdfc_netbanking"/>
</testsuite> <!-- com.acc_selenium_prac1.Hdfc_netbanking -->
