<?xml version="1.0" encoding="UTF-8"?>
<!-- Generated by org.testng.reporters.JUnitReportReporter -->
<testsuite name="com.acc_selenium_prac1.Rediff_Test" tests="1" time="6.266" ignored="0" failures="0" timestamp="12 Dec 2019 10:54:56 GMT" skipped="0" hostname="DDC2-D-CG1WXC2" errors="0">
  <testcase name="signup" time="6.266" classname="com.acc_selenium_prac1.Rediff_Test"/>
</testsuite> <!-- com.acc_selenium_prac1.Rediff_Test -->
