<?xml version="1.0" encoding="UTF-8"?>
<!-- Generated by org.testng.reporters.JUnitReportReporter -->
<testsuite name="com.acc_selenium_prac1.Rediff_alert" tests="1" time="13.759" ignored="0" failures="0" timestamp="12 Dec 2019 11:22:08 GMT" skipped="0" hostname="DDC2-D-CG1WXC2" errors="0">
  <testcase name="check_alert" time="13.759" classname="com.acc_selenium_prac1.Rediff_alert"/>
</testsuite> <!-- com.acc_selenium_prac1.Rediff_alert -->
