<?xml version="1.0" encoding="UTF-8"?>
<!-- Generated by org.testng.reporters.JUnitReportReporter -->
<testsuite name="com.acc_selenium_prac1.Testing_2" tests="3" time="0.006" ignored="0" failures="0" timestamp="12 Dec 2019 05:23:48 GMT" skipped="0" hostname="DDC2-D-CG1WXC2" errors="0">
  <testcase name="facebook" time="0.002" classname="com.acc_selenium_prac1.Testing_2"/>
  <testcase name="gmail" time="0.002" classname="com.acc_selenium_prac1.Testing_2"/>
  <testcase name="google" time="0.002" classname="com.acc_selenium_prac1.Testing_2"/>
</testsuite> <!-- com.acc_selenium_prac1.Testing_2 -->
